mode: set
budget-tracker-api-v2/internal/http/controller/auth.go:26.107,36.16 9 1
budget-tracker-api-v2/internal/http/controller/auth.go:36.16,38.3 1 0
budget-tracker-api-v2/internal/http/controller/auth.go:39.2,39.16 1 1
budget-tracker-api-v2/internal/http/controller/auth.go:43.94,51.16 7 0
budget-tracker-api-v2/internal/http/controller/auth.go:51.16,53.3 1 0
budget-tracker-api-v2/internal/http/controller/auth.go:55.2,55.16 1 0
budget-tracker-api-v2/internal/http/controller/auth.go:59.57,61.2 1 0
budget-tracker-api-v2/internal/http/controller/auth.go:64.79,69.19 4 0
budget-tracker-api-v2/internal/http/controller/auth.go:69.19,72.17 3 0
budget-tracker-api-v2/internal/http/controller/auth.go:72.17,74.4 1 0
budget-tracker-api-v2/internal/http/controller/auth.go:75.3,75.9 1 0
budget-tracker-api-v2/internal/http/controller/auth.go:78.2,79.16 2 0
budget-tracker-api-v2/internal/http/controller/auth.go:79.16,82.3 2 0
budget-tracker-api-v2/internal/http/controller/auth.go:84.2,84.51 1 0
budget-tracker-api-v2/internal/http/controller/auth.go:84.51,87.17 3 0
budget-tracker-api-v2/internal/http/controller/auth.go:87.17,89.4 1 0
budget-tracker-api-v2/internal/http/controller/auth.go:90.3,90.9 1 0
budget-tracker-api-v2/internal/http/controller/auth.go:93.2,94.16 2 0
budget-tracker-api-v2/internal/http/controller/auth.go:94.16,97.3 2 0
budget-tracker-api-v2/internal/http/controller/auth.go:99.2,102.11 3 0
budget-tracker-api-v2/internal/http/controller/auth.go:102.11,104.17 2 0
budget-tracker-api-v2/internal/http/controller/auth.go:104.17,107.18 3 0
budget-tracker-api-v2/internal/http/controller/auth.go:107.18,109.5 1 0
budget-tracker-api-v2/internal/http/controller/auth.go:110.4,110.10 1 0
budget-tracker-api-v2/internal/http/controller/auth.go:113.3,114.17 2 0
budget-tracker-api-v2/internal/http/controller/auth.go:114.17,117.18 3 0
budget-tracker-api-v2/internal/http/controller/auth.go:117.18,119.5 1 0
budget-tracker-api-v2/internal/http/controller/auth.go:120.4,120.10 1 0
budget-tracker-api-v2/internal/http/controller/auth.go:123.8,129.17 6 0
budget-tracker-api-v2/internal/http/controller/auth.go:129.17,131.4 1 0
budget-tracker-api-v2/internal/http/controller/auth.go:132.3,132.9 1 0
budget-tracker-api-v2/internal/http/controller/auth.go:137.2,144.16 3 0
budget-tracker-api-v2/internal/http/controller/auth.go:144.16,148.3 3 0
budget-tracker-api-v2/internal/http/controller/auth.go:150.2,152.16 3 0
budget-tracker-api-v2/internal/http/controller/auth.go:152.16,154.3 1 0
budget-tracker-api-v2/internal/http/controller/cards.go:46.58,54.2 6 0
budget-tracker-api-v2/internal/http/controller/cards.go:57.77,63.16 5 0
budget-tracker-api-v2/internal/http/controller/cards.go:63.16,65.3 1 0
budget-tracker-api-v2/internal/http/controller/cards.go:68.79,75.16 5 0
budget-tracker-api-v2/internal/http/controller/cards.go:75.16,78.17 3 0
budget-tracker-api-v2/internal/http/controller/cards.go:78.17,80.4 1 0
budget-tracker-api-v2/internal/http/controller/cards.go:82.3,82.9 1 0
budget-tracker-api-v2/internal/http/controller/cards.go:85.2,86.16 2 0
budget-tracker-api-v2/internal/http/controller/cards.go:86.16,89.17 3 0
budget-tracker-api-v2/internal/http/controller/cards.go:89.17,91.4 1 0
budget-tracker-api-v2/internal/http/controller/cards.go:93.3,93.9 1 0
budget-tracker-api-v2/internal/http/controller/cards.go:96.2,97.16 2 0
budget-tracker-api-v2/internal/http/controller/cards.go:97.16,102.58 3 0
budget-tracker-api-v2/internal/http/controller/cards.go:102.58,109.57 3 0
budget-tracker-api-v2/internal/http/controller/cards.go:109.57,112.5 2 0
budget-tracker-api-v2/internal/http/controller/cards.go:114.4,114.10 1 0
budget-tracker-api-v2/internal/http/controller/cards.go:117.3,119.17 3 0
budget-tracker-api-v2/internal/http/controller/cards.go:119.17,121.4 1 0
budget-tracker-api-v2/internal/http/controller/cards.go:123.3,123.9 1 0
budget-tracker-api-v2/internal/http/controller/cards.go:126.2,134.56 3 0
budget-tracker-api-v2/internal/http/controller/cards.go:134.56,137.3 2 0
budget-tracker-api-v2/internal/http/controller/cards.go:141.76,150.16 6 0
budget-tracker-api-v2/internal/http/controller/cards.go:150.16,155.58 3 0
budget-tracker-api-v2/internal/http/controller/cards.go:155.58,158.18 3 0
budget-tracker-api-v2/internal/http/controller/cards.go:158.18,162.5 3 0
budget-tracker-api-v2/internal/http/controller/cards.go:164.4,164.10 1 0
budget-tracker-api-v2/internal/http/controller/cards.go:167.3,169.17 3 0
budget-tracker-api-v2/internal/http/controller/cards.go:169.17,174.4 3 0
budget-tracker-api-v2/internal/http/controller/cards.go:176.3,177.9 2 0
budget-tracker-api-v2/internal/http/controller/cards.go:180.2,181.16 2 0
budget-tracker-api-v2/internal/http/controller/cards.go:181.16,185.49 3 0
budget-tracker-api-v2/internal/http/controller/cards.go:185.49,196.18 5 0
budget-tracker-api-v2/internal/http/controller/cards.go:196.18,198.5 1 0
budget-tracker-api-v2/internal/http/controller/cards.go:200.4,200.10 1 0
budget-tracker-api-v2/internal/http/controller/cards.go:203.3,212.17 6 0
budget-tracker-api-v2/internal/http/controller/cards.go:212.17,214.4 1 0
budget-tracker-api-v2/internal/http/controller/cards.go:216.3,216.9 1 0
budget-tracker-api-v2/internal/http/controller/cards.go:219.2,220.16 2 0
budget-tracker-api-v2/internal/http/controller/cards.go:220.16,222.3 1 0
budget-tracker-api-v2/internal/http/controller/cards.go:225.79,231.16 5 0
budget-tracker-api-v2/internal/http/controller/cards.go:231.16,242.17 6 0
budget-tracker-api-v2/internal/http/controller/cards.go:242.17,244.4 1 0
budget-tracker-api-v2/internal/http/controller/cards.go:245.3,245.9 1 0
budget-tracker-api-v2/internal/http/controller/cards.go:248.2,248.15 1 0
budget-tracker-api-v2/internal/http/controller/cards.go:248.15,256.17 4 0
budget-tracker-api-v2/internal/http/controller/cards.go:256.17,258.4 1 0
budget-tracker-api-v2/internal/http/controller/cards.go:259.3,260.9 2 0
budget-tracker-api-v2/internal/http/controller/cards.go:263.2,271.16 4 0
budget-tracker-api-v2/internal/http/controller/cards.go:271.16,273.3 1 0
budget-tracker-api-v2/internal/http/controller/cards.go:275.2,275.31 1 0
budget-tracker-api-v2/internal/http/controller/health.go:18.59,22.2 2 0
budget-tracker-api-v2/internal/http/controller/health.go:25.81,30.27 4 0
budget-tracker-api-v2/internal/http/controller/health.go:30.27,33.17 3 0
budget-tracker-api-v2/internal/http/controller/health.go:33.17,35.4 1 0
budget-tracker-api-v2/internal/http/controller/health.go:36.3,36.9 1 0
budget-tracker-api-v2/internal/http/controller/health.go:38.2,40.16 3 0
budget-tracker-api-v2/internal/http/controller/health.go:40.16,42.3 1 0
budget-tracker-api-v2/internal/http/controller/swagger.go:10.43,13.73 2 0
budget-tracker-api-v2/internal/http/controller/swagger.go:13.73,43.17 4 0
budget-tracker-api-v2/internal/http/controller/swagger.go:43.17,45.4 1 0
budget-tracker-api-v2/internal/http/controller/user.go:25.58,31.2 4 0
budget-tracker-api-v2/internal/http/controller/user.go:34.79,41.16 5 0
budget-tracker-api-v2/internal/http/controller/user.go:41.16,47.17 5 0
budget-tracker-api-v2/internal/http/controller/user.go:47.17,49.4 1 0
budget-tracker-api-v2/internal/http/controller/user.go:50.3,50.9 1 0
budget-tracker-api-v2/internal/http/controller/user.go:53.2,54.16 2 0
budget-tracker-api-v2/internal/http/controller/user.go:54.16,60.17 5 0
budget-tracker-api-v2/internal/http/controller/user.go:60.17,62.4 1 0
budget-tracker-api-v2/internal/http/controller/user.go:64.3,64.9 1 0
budget-tracker-api-v2/internal/http/controller/user.go:67.2,68.16 2 0
budget-tracker-api-v2/internal/http/controller/user.go:68.16,69.72 1 0
budget-tracker-api-v2/internal/http/controller/user.go:69.72,72.18 3 0
budget-tracker-api-v2/internal/http/controller/user.go:72.18,74.5 1 0
budget-tracker-api-v2/internal/http/controller/user.go:76.4,76.10 1 0
budget-tracker-api-v2/internal/http/controller/user.go:79.3,81.17 3 0
budget-tracker-api-v2/internal/http/controller/user.go:81.17,83.4 1 0
budget-tracker-api-v2/internal/http/controller/user.go:85.3,85.9 1 0
budget-tracker-api-v2/internal/http/controller/user.go:88.2,90.16 3 0
budget-tracker-api-v2/internal/http/controller/user.go:90.16,92.3 1 0
budget-tracker-api-v2/internal/http/controller/user.go:97.76,106.16 6 0
budget-tracker-api-v2/internal/http/controller/user.go:106.16,112.17 5 0
budget-tracker-api-v2/internal/http/controller/user.go:112.17,114.4 1 0
budget-tracker-api-v2/internal/http/controller/user.go:116.3,116.9 1 0
budget-tracker-api-v2/internal/http/controller/user.go:119.2,120.16 2 0
budget-tracker-api-v2/internal/http/controller/user.go:120.16,121.49 1 0
budget-tracker-api-v2/internal/http/controller/user.go:121.49,126.18 4 0
budget-tracker-api-v2/internal/http/controller/user.go:126.18,128.5 1 0
budget-tracker-api-v2/internal/http/controller/user.go:130.4,130.10 1 0
budget-tracker-api-v2/internal/http/controller/user.go:133.3,138.17 5 0
budget-tracker-api-v2/internal/http/controller/user.go:138.17,140.4 1 0
budget-tracker-api-v2/internal/http/controller/user.go:142.3,142.9 1 0
budget-tracker-api-v2/internal/http/controller/user.go:146.2,149.16 3 0
budget-tracker-api-v2/internal/http/controller/user.go:149.16,151.3 1 0
budget-tracker-api-v2/internal/repository/mongodb/card.go:25.142,36.16 5 1
budget-tracker-api-v2/internal/repository/mongodb/card.go:36.16,40.3 3 0
budget-tracker-api-v2/internal/repository/mongodb/card.go:41.2,41.16 1 1
budget-tracker-api-v2/internal/repository/mongodb/card.go:45.97,49.21 3 1
budget-tracker-api-v2/internal/repository/mongodb/card.go:49.21,51.3 1 1
budget-tracker-api-v2/internal/repository/mongodb/card.go:53.2,59.16 4 1
budget-tracker-api-v2/internal/repository/mongodb/card.go:59.16,60.70 1 1
budget-tracker-api-v2/internal/repository/mongodb/card.go:60.70,62.4 1 1
budget-tracker-api-v2/internal/repository/mongodb/card.go:64.3,64.18 1 0
budget-tracker-api-v2/internal/repository/mongodb/card.go:67.2,67.17 1 1
budget-tracker-api-v2/internal/repository/mongodb/card.go:71.96,77.16 4 0
budget-tracker-api-v2/internal/repository/mongodb/card.go:77.16,78.69 1 0
budget-tracker-api-v2/internal/repository/mongodb/card.go:78.69,80.4 1 0
budget-tracker-api-v2/internal/repository/mongodb/card.go:82.3,82.18 1 0
budget-tracker-api-v2/internal/repository/mongodb/card.go:85.2,85.17 1 0
budget-tracker-api-v2/internal/repository/mongodb/card.go:131.88,138.16 4 0
budget-tracker-api-v2/internal/repository/mongodb/card.go:138.16,140.3 1 0
budget-tracker-api-v2/internal/repository/mongodb/card.go:142.2,142.20 1 0
budget-tracker-api-v2/internal/repository/mongodb/card_collection.go:25.91,31.28 5 0
budget-tracker-api-v2/internal/repository/mongodb/card_collection.go:31.28,36.3 1 0
budget-tracker-api-v2/internal/repository/mongodb/card_collection.go:38.2,39.16 2 0
budget-tracker-api-v2/internal/repository/mongodb/card_collection.go:39.16,41.3 1 0
budget-tracker-api-v2/internal/repository/mongodb/card_collection.go:43.2,43.12 1 0
budget-tracker-api-v2/internal/repository/mongodb/card_collection.go:47.108,52.16 4 0
budget-tracker-api-v2/internal/repository/mongodb/card_collection.go:52.16,56.3 3 0
budget-tracker-api-v2/internal/repository/mongodb/card_collection.go:58.2,58.45 1 0
budget-tracker-api-v2/internal/repository/mongodb/card_collection.go:62.93,70.16 6 0
budget-tracker-api-v2/internal/repository/mongodb/card_collection.go:70.16,72.3 1 0
budget-tracker-api-v2/internal/repository/mongodb/card_collection.go:74.2,77.16 3 0
budget-tracker-api-v2/internal/repository/mongodb/card_collection.go:77.16,79.3 1 0
budget-tracker-api-v2/internal/repository/mongodb/card_collection.go:81.2,81.18 1 0
budget-tracker-api-v2/internal/repository/mongodb/card_collection.go:85.89,90.16 4 0
budget-tracker-api-v2/internal/repository/mongodb/card_collection.go:90.16,92.3 1 0
budget-tracker-api-v2/internal/repository/mongodb/card_collection.go:94.2,97.16 3 0
budget-tracker-api-v2/internal/repository/mongodb/card_collection.go:97.16,99.3 1 0
budget-tracker-api-v2/internal/repository/mongodb/card_collection.go:101.2,101.33 1 0
budget-tracker-api-v2/internal/repository/mongodb/card_collection_mock.go:16.95,18.2 1 1
budget-tracker-api-v2/internal/repository/mongodb/card_collection_mock.go:21.112,22.20 1 1
budget-tracker-api-v2/internal/repository/mongodb/card_collection_mock.go:22.20,24.3 1 1
budget-tracker-api-v2/internal/repository/mongodb/card_collection_mock.go:26.2,26.40 1 1
budget-tracker-api-v2/internal/repository/mongodb/card_collection_mock.go:30.97,38.2 1 0
budget-tracker-api-v2/internal/repository/mongodb/card_collection_mock.go:41.93,43.2 1 0
budget-tracker-api-v2/internal/repository/mongodb/client.go:15.41,25.59 7 1
budget-tracker-api-v2/internal/repository/mongodb/client.go:25.59,27.3 1 1
budget-tracker-api-v2/internal/repository/mongodb/client.go:29.2,38.16 5 0
budget-tracker-api-v2/internal/repository/mongodb/client.go:38.16,40.3 1 0
budget-tracker-api-v2/internal/repository/mongodb/client.go:42.2,43.16 2 0
budget-tracker-api-v2/internal/repository/mongodb/client.go:43.16,45.3 1 0
budget-tracker-api-v2/internal/repository/mongodb/client.go:46.2,46.20 1 0
budget-tracker-api-v2/internal/repository/mongodb/health_collection.go:18.86,27.16 7 0
budget-tracker-api-v2/internal/repository/mongodb/health_collection.go:27.16,29.3 1 0
budget-tracker-api-v2/internal/repository/mongodb/health_collection.go:31.2,31.18 1 0
budget-tracker-api-v2/internal/repository/mongodb/health_collection_mock.go:11.78,13.2 1 0
budget-tracker-api-v2/internal/repository/mongodb/user.go:24.142,34.16 5 1
budget-tracker-api-v2/internal/repository/mongodb/user.go:34.16,36.3 1 0
budget-tracker-api-v2/internal/repository/mongodb/user.go:37.2,37.16 1 1
budget-tracker-api-v2/internal/repository/mongodb/user.go:41.97,43.21 1 1
budget-tracker-api-v2/internal/repository/mongodb/user.go:43.21,45.3 1 1
budget-tracker-api-v2/internal/repository/mongodb/user.go:47.2,51.24 3 1
budget-tracker-api-v2/internal/repository/mongodb/user.go:51.24,53.3 1 1
budget-tracker-api-v2/internal/repository/mongodb/user.go:55.2,56.16 2 1
budget-tracker-api-v2/internal/repository/mongodb/user.go:56.16,58.3 1 0
budget-tracker-api-v2/internal/repository/mongodb/user.go:60.2,65.16 3 1
budget-tracker-api-v2/internal/repository/mongodb/user.go:65.16,66.70 1 1
budget-tracker-api-v2/internal/repository/mongodb/user.go:66.70,68.4 1 1
budget-tracker-api-v2/internal/repository/mongodb/user.go:70.3,70.18 1 0
budget-tracker-api-v2/internal/repository/mongodb/user.go:73.2,73.17 1 1
budget-tracker-api-v2/internal/repository/mongodb/user.go:77.96,80.16 2 0
budget-tracker-api-v2/internal/repository/mongodb/user.go:80.16,81.69 1 0
budget-tracker-api-v2/internal/repository/mongodb/user.go:81.69,83.4 1 0
budget-tracker-api-v2/internal/repository/mongodb/user.go:85.3,85.18 1 0
budget-tracker-api-v2/internal/repository/mongodb/user.go:88.2,88.17 1 0
budget-tracker-api-v2/internal/repository/mongodb/user.go:134.88,138.16 2 0
budget-tracker-api-v2/internal/repository/mongodb/user.go:138.16,140.3 1 0
budget-tracker-api-v2/internal/repository/mongodb/user.go:142.2,142.20 1 0
budget-tracker-api-v2/internal/repository/mongodb/user_collection.go:24.91,30.28 5 0
budget-tracker-api-v2/internal/repository/mongodb/user_collection.go:30.28,35.3 1 0
budget-tracker-api-v2/internal/repository/mongodb/user_collection.go:37.2,38.16 2 0
budget-tracker-api-v2/internal/repository/mongodb/user_collection.go:38.16,40.3 1 0
budget-tracker-api-v2/internal/repository/mongodb/user_collection.go:42.2,42.12 1 0
budget-tracker-api-v2/internal/repository/mongodb/user_collection.go:46.108,52.16 5 0
budget-tracker-api-v2/internal/repository/mongodb/user_collection.go:52.16,54.3 1 0
budget-tracker-api-v2/internal/repository/mongodb/user_collection.go:56.2,56.45 1 0
budget-tracker-api-v2/internal/repository/mongodb/user_collection.go:60.93,68.16 6 0
budget-tracker-api-v2/internal/repository/mongodb/user_collection.go:68.16,70.3 1 0
budget-tracker-api-v2/internal/repository/mongodb/user_collection.go:72.2,75.16 3 0
budget-tracker-api-v2/internal/repository/mongodb/user_collection.go:75.16,77.3 1 0
budget-tracker-api-v2/internal/repository/mongodb/user_collection.go:79.2,79.18 1 0
budget-tracker-api-v2/internal/repository/mongodb/user_collection.go:83.98,92.16 7 0
budget-tracker-api-v2/internal/repository/mongodb/user_collection.go:92.16,94.3 1 0
budget-tracker-api-v2/internal/repository/mongodb/user_collection.go:98.2,98.18 1 0
budget-tracker-api-v2/internal/repository/mongodb/user_collection.go:102.89,108.16 5 0
budget-tracker-api-v2/internal/repository/mongodb/user_collection.go:108.16,110.3 1 0
budget-tracker-api-v2/internal/repository/mongodb/user_collection.go:112.2,115.16 3 0
budget-tracker-api-v2/internal/repository/mongodb/user_collection.go:115.16,117.3 1 0
budget-tracker-api-v2/internal/repository/mongodb/user_collection.go:119.2,119.33 1 0
budget-tracker-api-v2/internal/repository/mongodb/user_collection_mock.go:16.95,18.2 1 1
budget-tracker-api-v2/internal/repository/mongodb/user_collection_mock.go:21.112,22.20 1 1
budget-tracker-api-v2/internal/repository/mongodb/user_collection_mock.go:22.20,24.3 1 1
budget-tracker-api-v2/internal/repository/mongodb/user_collection_mock.go:26.2,26.40 1 1
budget-tracker-api-v2/internal/repository/mongodb/user_collection_mock.go:30.102,32.16 2 0
budget-tracker-api-v2/internal/repository/mongodb/user_collection_mock.go:32.16,34.3 1 0
budget-tracker-api-v2/internal/repository/mongodb/user_collection_mock.go:36.2,43.8 1 0
budget-tracker-api-v2/internal/repository/mongodb/user_collection_mock.go:47.97,49.16 2 0
budget-tracker-api-v2/internal/repository/mongodb/user_collection_mock.go:49.16,51.3 1 0
budget-tracker-api-v2/internal/repository/mongodb/user_collection_mock.go:53.2,61.8 1 0
budget-tracker-api-v2/internal/repository/mongodb/user_collection_mock.go:65.93,67.2 1 0
budget-tracker-api-v2/internal/http/router/routes.go:21.24,28.81 3 1
budget-tracker-api-v2/internal/http/router/routes.go:28.81,30.5 1 1
budget-tracker-api-v2/internal/http/router/routes.go:35.2,61.15 10 1
budget-tracker-api-v2/internal/http/middleware/auth.go:16.58,17.84 1 0
budget-tracker-api-v2/internal/http/middleware/auth.go:17.84,22.24 3 0
budget-tracker-api-v2/internal/http/middleware/auth.go:22.24,25.18 3 0
budget-tracker-api-v2/internal/http/middleware/auth.go:25.18,27.5 1 0
budget-tracker-api-v2/internal/http/middleware/auth.go:28.4,28.10 1 0
budget-tracker-api-v2/internal/http/middleware/auth.go:30.3,30.24 1 0
budget-tracker-api-v2/internal/http/middleware/auth.go:30.24,32.18 2 0
budget-tracker-api-v2/internal/http/middleware/auth.go:32.18,35.19 3 0
budget-tracker-api-v2/internal/http/middleware/auth.go:35.19,37.6 1 0
budget-tracker-api-v2/internal/http/middleware/auth.go:38.5,38.11 1 0
budget-tracker-api-v2/internal/http/middleware/auth.go:41.4,41.32 1 0
budget-tracker-api-v2/internal/http/middleware/auth.go:41.32,44.19 3 0
budget-tracker-api-v2/internal/http/middleware/auth.go:44.19,46.6 1 0
budget-tracker-api-v2/internal/http/middleware/auth.go:47.5,47.11 1 0
budget-tracker-api-v2/internal/http/middleware/auth.go:51.3,51.33 1 0
budget-tracker-api-v2/internal/http/middleware/auth.go:56.62,57.84 1 0
budget-tracker-api-v2/internal/http/middleware/auth.go:57.84,60.45 2 0
budget-tracker-api-v2/internal/http/middleware/auth.go:60.45,63.18 3 0
budget-tracker-api-v2/internal/http/middleware/auth.go:63.18,65.5 1 0
budget-tracker-api-v2/internal/http/middleware/auth.go:66.4,66.10 1 0
budget-tracker-api-v2/internal/http/middleware/auth.go:69.3,69.45 1 0
budget-tracker-api-v2/internal/http/middleware/auth.go:69.45,71.27 2 0
budget-tracker-api-v2/internal/http/middleware/auth.go:71.27,74.19 3 0
budget-tracker-api-v2/internal/http/middleware/auth.go:74.19,76.6 1 0
budget-tracker-api-v2/internal/http/middleware/auth.go:77.5,77.11 1 0
budget-tracker-api-v2/internal/http/middleware/auth.go:80.4,80.86 1 0
budget-tracker-api-v2/internal/http/middleware/auth.go:80.86,81.60 1 0
budget-tracker-api-v2/internal/http/middleware/auth.go:81.60,83.6 1 0
budget-tracker-api-v2/internal/http/middleware/auth.go:84.5,84.28 1 0
budget-tracker-api-v2/internal/http/middleware/auth.go:87.4,87.18 1 0
budget-tracker-api-v2/internal/http/middleware/auth.go:87.18,90.19 3 0
budget-tracker-api-v2/internal/http/middleware/auth.go:90.19,92.6 1 0
budget-tracker-api-v2/internal/http/middleware/auth.go:93.5,93.11 1 0
budget-tracker-api-v2/internal/http/middleware/auth.go:96.4,96.20 1 0
budget-tracker-api-v2/internal/http/middleware/auth.go:96.20,99.19 3 0
budget-tracker-api-v2/internal/http/middleware/auth.go:99.19,101.6 1 0
budget-tracker-api-v2/internal/http/middleware/auth.go:105.3,105.33 1 0
budget-tracker-api-v2/internal/http/middleware/middleware.go:9.52,10.71 1 1
budget-tracker-api-v2/internal/http/middleware/middleware.go:10.71,17.3 5 1
budget-tracker-api-v2/internal/observability/tracer.go:21.66,23.2 1 0
budget-tracker-api-v2/internal/observability/tracer.go:26.66,33.16 2 0
budget-tracker-api-v2/internal/observability/tracer.go:33.16,35.3 1 0
budget-tracker-api-v2/internal/observability/tracer.go:38.2,44.16 2 0
budget-tracker-api-v2/internal/observability/tracer.go:44.16,46.3 1 0
budget-tracker-api-v2/internal/observability/tracer.go:49.2,56.20 3 0
budget-tracker-api-v2/internal/utils/crypt/hash.go:8.82,11.2 2 0
budget-tracker-api-v2/internal/utils/crypt/hash.go:14.52,17.2 2 0
budget-tracker-api-v2/main.go:16.13,18.2 1 0
budget-tracker-api-v2/main.go:20.13,27.15 5 0
budget-tracker-api-v2/main.go:27.15,28.46 1 0
budget-tracker-api-v2/main.go:28.46,30.4 1 0
budget-tracker-api-v2/main.go:33.2,36.16 3 0
budget-tracker-api-v2/main.go:36.16,38.3 1 0
budget-tracker-api-v2/main.go:40.2,59.16 8 0
budget-tracker-api-v2/main.go:59.16,61.3 1 0
budget-tracker-api-v2/main.go:63.2,72.36 3 0
